17:56:03.984 [main] INFO  by.task.komar.repository.impl.ConeRepository - Sorted with comparator by.task.komar.comparator.RadiusComparator@4803b726: [Cone{center=Point{-1.0, -1.0, -1.0}, radius=1.0, height=1.0, coneId=3}, Cone{center=Point{1.0, 1.0, 1.0}, radius=1.0, height=1.0, coneId=4}, Cone{center=Point{1.0, 1.1, 1.2}, radius=1.3, height=0.5, coneId=2}, Cone{center=Point{1.0, 2.0, 3.0}, radius=4.0, height=5.0, coneId=1}, Cone{center=Point{0.0, 0.0, 0.0}, radius=5.7, height=0.1, coneId=5}]
17:56:28.924 [main] INFO  by.task.komar.reader.ConeReader - This lines [1 2 3 4 5, 1.0 1.1 1.2 1.3 1.4, -1 -1 -1 1 1] are correct
17:56:28.932 [main] ERROR by.task.komar.factory.ShapeFactory - Create cone Cone{center=Point{1.0, 2.0, 3.0}, radius=4.0, height=5.0, coneId=1}
17:56:28.946 [main] INFO  by.task.komar.service.impl.CalculationServiceImpl - Surface area of cone Cone{center=Point{1.0, 2.0, 3.0}, radius=4.0, height=5.0, coneId=1}: 130.72951471480383
17:56:28.946 [main] INFO  by.task.komar.service.impl.CalculationServiceImpl - Volume of cone Cone{center=Point{1.0, 2.0, 3.0}, radius=4.0, height=5.0, coneId=1}: 83.77580409572782
17:56:28.949 [main] INFO  by.task.komar.repository.impl.ConeRepository - New cone in repository: Cone{center=Point{1.0, 2.0, 3.0}, radius=4.0, height=5.0, coneId=1}
17:56:28.950 [main] INFO  by.task.komar.creator.ConeCreator - add cone Cone{center=Point{1.0, 2.0, 3.0}, radius=4.0, height=5.0, coneId=1} to repository
17:56:28.950 [main] ERROR by.task.komar.factory.ShapeFactory - Create cone Cone{center=Point{1.0, 1.1, 1.2}, radius=1.3, height=1.4, coneId=2}
17:56:28.950 [main] INFO  by.task.komar.service.impl.CalculationServiceImpl - Surface area of cone Cone{center=Point{1.0, 1.1, 1.2}, radius=1.3, height=1.4, coneId=2}: 13.111897222949334
17:56:28.950 [main] INFO  by.task.komar.service.impl.CalculationServiceImpl - Volume of cone Cone{center=Point{1.0, 1.1, 1.2}, radius=1.3, height=1.4, coneId=2}: 2.47766940613115
17:56:28.951 [main] INFO  by.task.komar.repository.impl.ConeRepository - New cone in repository: Cone{center=Point{1.0, 1.1, 1.2}, radius=1.3, height=1.4, coneId=2}
17:56:28.951 [main] INFO  by.task.komar.creator.ConeCreator - add cone Cone{center=Point{1.0, 1.1, 1.2}, radius=1.3, height=1.4, coneId=2} to repository
17:56:28.951 [main] ERROR by.task.komar.factory.ShapeFactory - Create cone Cone{center=Point{-1.0, -1.0, -1.0}, radius=1.0, height=1.0, coneId=3}
17:56:28.951 [main] INFO  by.task.komar.service.impl.CalculationServiceImpl - Surface area of cone Cone{center=Point{-1.0, -1.0, -1.0}, radius=1.0, height=1.0, coneId=3}: 7.584475591748159
17:56:28.951 [main] INFO  by.task.komar.service.impl.CalculationServiceImpl - Volume of cone Cone{center=Point{-1.0, -1.0, -1.0}, radius=1.0, height=1.0, coneId=3}: 1.0471975511965976
17:56:28.951 [main] INFO  by.task.komar.repository.impl.ConeRepository - New cone in repository: Cone{center=Point{-1.0, -1.0, -1.0}, radius=1.0, height=1.0, coneId=3}
17:56:28.952 [main] INFO  by.task.komar.creator.ConeCreator - add cone Cone{center=Point{-1.0, -1.0, -1.0}, radius=1.0, height=1.0, coneId=3} to repository
17:56:28.952 [main] ERROR by.task.komar.factory.ShapeFactory - Create cone Cone{center=Point{1.0, 1.0, 1.0}, radius=1.0, height=1.0, coneId=4}
17:56:28.952 [main] INFO  by.task.komar.service.impl.CalculationServiceImpl - Surface area of cone Cone{center=Point{1.0, 1.0, 1.0}, radius=1.0, height=1.0, coneId=4}: 7.584475591748159
17:56:28.952 [main] INFO  by.task.komar.service.impl.CalculationServiceImpl - Volume of cone Cone{center=Point{1.0, 1.0, 1.0}, radius=1.0, height=1.0, coneId=4}: 1.0471975511965976
17:56:28.952 [main] INFO  by.task.komar.repository.impl.ConeRepository - New cone in repository: Cone{center=Point{1.0, 1.0, 1.0}, radius=1.0, height=1.0, coneId=4}
17:56:28.952 [main] INFO  by.task.komar.creator.ConeCreator - add cone Cone{center=Point{1.0, 1.0, 1.0}, radius=1.0, height=1.0, coneId=4} to repository
17:56:28.953 [main] ERROR by.task.komar.factory.ShapeFactory - Create cone Cone{center=Point{0.0, 0.0, 0.0}, radius=5.7, height=0.1, coneId=5}
17:56:28.953 [main] INFO  by.task.komar.service.impl.CalculationServiceImpl - Surface area of cone Cone{center=Point{0.0, 0.0, 0.0}, radius=5.7, height=0.1, coneId=5}: 204.15639738504194
17:56:28.953 [main] INFO  by.task.komar.service.impl.CalculationServiceImpl - Volume of cone Cone{center=Point{0.0, 0.0, 0.0}, radius=5.7, height=0.1, coneId=5}: 3.402344843837746
17:56:28.953 [main] INFO  by.task.komar.repository.impl.ConeRepository - New cone in repository: Cone{center=Point{0.0, 0.0, 0.0}, radius=5.7, height=0.1, coneId=5}
17:56:28.954 [main] INFO  by.task.komar.creator.ConeCreator - add cone Cone{center=Point{0.0, 0.0, 0.0}, radius=5.7, height=0.1, coneId=5} to repository
17:56:28.956 [main] INFO  by.task.komar.service.impl.CalculationServiceImpl - Surface area of cone Cone{center=Point{1.0, 1.1, 1.2}, radius=1.3, height=0.5, coneId=2}: 10.997743481999969
17:56:28.956 [main] INFO  by.task.komar.observer.impl.ConeObserver - update surface area
17:56:28.956 [main] INFO  by.task.komar.service.impl.CalculationServiceImpl - Volume of cone Cone{center=Point{1.0, 1.1, 1.2}, radius=1.3, height=0.5, coneId=2}: 0.8848819307611251
17:56:28.957 [main] INFO  by.task.komar.observer.impl.ConeObserver - update volume
17:56:28.959 [main] INFO  by.task.komar.repository.impl.ConeRepository - Sorted with comparator by.task.komar.comparator.RadiusComparator@4803b726: [Cone{center=Point{-1.0, -1.0, -1.0}, radius=1.0, height=1.0, coneId=3}, Cone{center=Point{1.0, 1.0, 1.0}, radius=1.0, height=1.0, coneId=4}, Cone{center=Point{1.0, 1.1, 1.2}, radius=1.3, height=0.5, coneId=2}, Cone{center=Point{1.0, 2.0, 3.0}, radius=4.0, height=5.0, coneId=1}, Cone{center=Point{0.0, 0.0, 0.0}, radius=5.7, height=0.1, coneId=5}]
17:56:28.961 [main] INFO  by.task.komar.repository.impl.ConeRepository - Query by specification by.task.komar.repository.impl.SpecificationByHeight@6404f418: [Cone{center=Point{1.0, 2.0, 3.0}, radius=4.0, height=5.0, coneId=1}, Cone{center=Point{-1.0, -1.0, -1.0}, radius=1.0, height=1.0, coneId=3}, Cone{center=Point{1.0, 1.0, 1.0}, radius=1.0, height=1.0, coneId=4}]
17:57:10.738 [main] INFO  by.task.komar.reader.ConeReader - This lines [1 2 3 4 5, 1.0 1.1 1.2 1.3 1.4, -1 -1 -1 1 1] are correct
17:57:10.746 [main] ERROR by.task.komar.factory.ShapeFactory - Create cone Cone{center=Point{1.0, 2.0, 3.0}, radius=4.0, height=5.0, coneId=1}
17:57:10.752 [main] INFO  by.task.komar.service.impl.CalculationServiceImpl - Surface area of cone Cone{center=Point{1.0, 2.0, 3.0}, radius=4.0, height=5.0, coneId=1}: 130.72951471480383
17:57:10.753 [main] INFO  by.task.komar.service.impl.CalculationServiceImpl - Volume of cone Cone{center=Point{1.0, 2.0, 3.0}, radius=4.0, height=5.0, coneId=1}: 83.77580409572782
17:57:10.756 [main] INFO  by.task.komar.repository.impl.ConeRepository - New cone in repository: Cone{center=Point{1.0, 2.0, 3.0}, radius=4.0, height=5.0, coneId=1}
17:57:10.757 [main] INFO  by.task.komar.creator.ConeCreator - add cone Cone{center=Point{1.0, 2.0, 3.0}, radius=4.0, height=5.0, coneId=1} to repository
17:57:10.757 [main] ERROR by.task.komar.factory.ShapeFactory - Create cone Cone{center=Point{1.0, 1.1, 1.2}, radius=1.3, height=1.4, coneId=2}
17:57:10.757 [main] INFO  by.task.komar.service.impl.CalculationServiceImpl - Surface area of cone Cone{center=Point{1.0, 1.1, 1.2}, radius=1.3, height=1.4, coneId=2}: 13.111897222949334
17:57:10.758 [main] INFO  by.task.komar.service.impl.CalculationServiceImpl - Volume of cone Cone{center=Point{1.0, 1.1, 1.2}, radius=1.3, height=1.4, coneId=2}: 2.47766940613115
17:57:10.758 [main] INFO  by.task.komar.repository.impl.ConeRepository - New cone in repository: Cone{center=Point{1.0, 1.1, 1.2}, radius=1.3, height=1.4, coneId=2}
17:57:10.758 [main] INFO  by.task.komar.creator.ConeCreator - add cone Cone{center=Point{1.0, 1.1, 1.2}, radius=1.3, height=1.4, coneId=2} to repository
17:57:10.758 [main] ERROR by.task.komar.factory.ShapeFactory - Create cone Cone{center=Point{-1.0, -1.0, -1.0}, radius=1.0, height=1.0, coneId=3}
17:57:10.759 [main] INFO  by.task.komar.service.impl.CalculationServiceImpl - Surface area of cone Cone{center=Point{-1.0, -1.0, -1.0}, radius=1.0, height=1.0, coneId=3}: 7.584475591748159
17:57:10.759 [main] INFO  by.task.komar.service.impl.CalculationServiceImpl - Volume of cone Cone{center=Point{-1.0, -1.0, -1.0}, radius=1.0, height=1.0, coneId=3}: 1.0471975511965976
17:57:10.759 [main] INFO  by.task.komar.repository.impl.ConeRepository - New cone in repository: Cone{center=Point{-1.0, -1.0, -1.0}, radius=1.0, height=1.0, coneId=3}
17:57:10.759 [main] INFO  by.task.komar.creator.ConeCreator - add cone Cone{center=Point{-1.0, -1.0, -1.0}, radius=1.0, height=1.0, coneId=3} to repository
17:57:10.759 [main] ERROR by.task.komar.factory.ShapeFactory - Create cone Cone{center=Point{1.0, 1.0, 1.0}, radius=1.0, height=1.0, coneId=4}
17:57:10.759 [main] INFO  by.task.komar.service.impl.CalculationServiceImpl - Surface area of cone Cone{center=Point{1.0, 1.0, 1.0}, radius=1.0, height=1.0, coneId=4}: 7.584475591748159
17:57:10.759 [main] INFO  by.task.komar.service.impl.CalculationServiceImpl - Volume of cone Cone{center=Point{1.0, 1.0, 1.0}, radius=1.0, height=1.0, coneId=4}: 1.0471975511965976
17:57:10.760 [main] INFO  by.task.komar.repository.impl.ConeRepository - New cone in repository: Cone{center=Point{1.0, 1.0, 1.0}, radius=1.0, height=1.0, coneId=4}
17:57:10.760 [main] INFO  by.task.komar.creator.ConeCreator - add cone Cone{center=Point{1.0, 1.0, 1.0}, radius=1.0, height=1.0, coneId=4} to repository
17:57:10.760 [main] ERROR by.task.komar.factory.ShapeFactory - Create cone Cone{center=Point{0.0, 0.0, 0.0}, radius=5.7, height=0.1, coneId=5}
17:57:10.760 [main] INFO  by.task.komar.service.impl.CalculationServiceImpl - Surface area of cone Cone{center=Point{0.0, 0.0, 0.0}, radius=5.7, height=0.1, coneId=5}: 204.15639738504194
17:57:10.760 [main] INFO  by.task.komar.service.impl.CalculationServiceImpl - Volume of cone Cone{center=Point{0.0, 0.0, 0.0}, radius=5.7, height=0.1, coneId=5}: 3.402344843837746
17:57:10.760 [main] INFO  by.task.komar.repository.impl.ConeRepository - New cone in repository: Cone{center=Point{0.0, 0.0, 0.0}, radius=5.7, height=0.1, coneId=5}
17:57:10.761 [main] INFO  by.task.komar.creator.ConeCreator - add cone Cone{center=Point{0.0, 0.0, 0.0}, radius=5.7, height=0.1, coneId=5} to repository
17:57:10.763 [main] INFO  by.task.komar.service.impl.CalculationServiceImpl - Surface area of cone Cone{center=Point{1.0, 1.1, 1.2}, radius=1.3, height=0.5, coneId=2}: 10.997743481999969
17:57:10.763 [main] INFO  by.task.komar.observer.impl.ConeObserver - update surface area
17:57:10.763 [main] INFO  by.task.komar.service.impl.CalculationServiceImpl - Volume of cone Cone{center=Point{1.0, 1.1, 1.2}, radius=1.3, height=0.5, coneId=2}: 0.8848819307611251
17:57:10.763 [main] INFO  by.task.komar.observer.impl.ConeObserver - update volume
17:57:10.765 [main] INFO  by.task.komar.repository.impl.ConeRepository - Query by specification by.task.komar.repository.impl.SpecificationByHeight@17497425: [Cone{center=Point{1.0, 2.0, 3.0}, radius=4.0, height=5.0, coneId=1}, Cone{center=Point{-1.0, -1.0, -1.0}, radius=1.0, height=1.0, coneId=3}, Cone{center=Point{1.0, 1.0, 1.0}, radius=1.0, height=1.0, coneId=4}]
17:57:38.341 [main] INFO  by.task.komar.reader.ConeReader - This lines [1 2 3 4 5, 1.0 1.1 1.2 1.3 1.4, -1 -1 -1 1 1] are correct
17:57:38.349 [main] ERROR by.task.komar.factory.ShapeFactory - Create cone Cone{center=Point{1.0, 2.0, 3.0}, radius=4.0, height=5.0, coneId=1}
17:57:38.357 [main] INFO  by.task.komar.service.impl.CalculationServiceImpl - Surface area of cone Cone{center=Point{1.0, 2.0, 3.0}, radius=4.0, height=5.0, coneId=1}: 130.72951471480383
17:57:38.357 [main] INFO  by.task.komar.service.impl.CalculationServiceImpl - Volume of cone Cone{center=Point{1.0, 2.0, 3.0}, radius=4.0, height=5.0, coneId=1}: 83.77580409572782
17:57:38.360 [main] INFO  by.task.komar.repository.impl.ConeRepository - New cone in repository: Cone{center=Point{1.0, 2.0, 3.0}, radius=4.0, height=5.0, coneId=1}
17:57:38.361 [main] INFO  by.task.komar.creator.ConeCreator - add cone Cone{center=Point{1.0, 2.0, 3.0}, radius=4.0, height=5.0, coneId=1} to repository
17:57:38.361 [main] ERROR by.task.komar.factory.ShapeFactory - Create cone Cone{center=Point{1.0, 1.1, 1.2}, radius=1.3, height=1.4, coneId=2}
17:57:38.361 [main] INFO  by.task.komar.service.impl.CalculationServiceImpl - Surface area of cone Cone{center=Point{1.0, 1.1, 1.2}, radius=1.3, height=1.4, coneId=2}: 13.111897222949334
17:57:38.362 [main] INFO  by.task.komar.service.impl.CalculationServiceImpl - Volume of cone Cone{center=Point{1.0, 1.1, 1.2}, radius=1.3, height=1.4, coneId=2}: 2.47766940613115
17:57:38.362 [main] INFO  by.task.komar.repository.impl.ConeRepository - New cone in repository: Cone{center=Point{1.0, 1.1, 1.2}, radius=1.3, height=1.4, coneId=2}
17:57:38.362 [main] INFO  by.task.komar.creator.ConeCreator - add cone Cone{center=Point{1.0, 1.1, 1.2}, radius=1.3, height=1.4, coneId=2} to repository
17:57:38.362 [main] ERROR by.task.komar.factory.ShapeFactory - Create cone Cone{center=Point{-1.0, -1.0, -1.0}, radius=1.0, height=1.0, coneId=3}
17:57:38.363 [main] INFO  by.task.komar.service.impl.CalculationServiceImpl - Surface area of cone Cone{center=Point{-1.0, -1.0, -1.0}, radius=1.0, height=1.0, coneId=3}: 7.584475591748159
17:57:38.363 [main] INFO  by.task.komar.service.impl.CalculationServiceImpl - Volume of cone Cone{center=Point{-1.0, -1.0, -1.0}, radius=1.0, height=1.0, coneId=3}: 1.0471975511965976
17:57:38.363 [main] INFO  by.task.komar.repository.impl.ConeRepository - New cone in repository: Cone{center=Point{-1.0, -1.0, -1.0}, radius=1.0, height=1.0, coneId=3}
17:57:38.363 [main] INFO  by.task.komar.creator.ConeCreator - add cone Cone{center=Point{-1.0, -1.0, -1.0}, radius=1.0, height=1.0, coneId=3} to repository
17:57:38.363 [main] ERROR by.task.komar.factory.ShapeFactory - Create cone Cone{center=Point{1.0, 1.0, 1.0}, radius=1.0, height=1.0, coneId=4}
17:57:38.364 [main] INFO  by.task.komar.service.impl.CalculationServiceImpl - Surface area of cone Cone{center=Point{1.0, 1.0, 1.0}, radius=1.0, height=1.0, coneId=4}: 7.584475591748159
17:57:38.364 [main] INFO  by.task.komar.service.impl.CalculationServiceImpl - Volume of cone Cone{center=Point{1.0, 1.0, 1.0}, radius=1.0, height=1.0, coneId=4}: 1.0471975511965976
17:57:38.364 [main] INFO  by.task.komar.repository.impl.ConeRepository - New cone in repository: Cone{center=Point{1.0, 1.0, 1.0}, radius=1.0, height=1.0, coneId=4}
17:57:38.364 [main] INFO  by.task.komar.creator.ConeCreator - add cone Cone{center=Point{1.0, 1.0, 1.0}, radius=1.0, height=1.0, coneId=4} to repository
17:57:38.365 [main] ERROR by.task.komar.factory.ShapeFactory - Create cone Cone{center=Point{0.0, 0.0, 0.0}, radius=5.7, height=0.1, coneId=5}
17:57:38.365 [main] INFO  by.task.komar.service.impl.CalculationServiceImpl - Surface area of cone Cone{center=Point{0.0, 0.0, 0.0}, radius=5.7, height=0.1, coneId=5}: 204.15639738504194
17:57:38.365 [main] INFO  by.task.komar.service.impl.CalculationServiceImpl - Volume of cone Cone{center=Point{0.0, 0.0, 0.0}, radius=5.7, height=0.1, coneId=5}: 3.402344843837746
