17:50:24.983 [main] ERROR by.task.komar.factory.ShapeFactory - Create cone Cone{center=Point{-1.0, -1.0, -1.0}, radius=1.0, coneId=3}
17:50:24.997 [main] INFO  by.task.komar.service.impl.CalculationServiceImpl - Surface area of cone Cone{center=Point{-1.0, -1.0, -1.0}, radius=1.0, coneId=3}: 7.584475591748159
17:50:24.997 [main] INFO  by.task.komar.service.impl.CalculationServiceImpl - Volume of cone Cone{center=Point{-1.0, -1.0, -1.0}, radius=1.0, coneId=3}: 1.0471975511965976
17:50:24.997 [main] INFO  by.task.komar.repository.impl.ConeRepository - New cone in repository: Cone{center=Point{-1.0, -1.0, -1.0}, radius=1.0, coneId=3}
17:50:24.998 [main] INFO  by.task.komar.creator.ConeCreator - add cone Cone{center=Point{-1.0, -1.0, -1.0}, radius=1.0, coneId=3} to repository
17:50:24.998 [main] ERROR by.task.komar.factory.ShapeFactory - Create cone Cone{center=Point{1.0, 1.0, 1.0}, radius=1.0, coneId=4}
17:50:24.998 [main] INFO  by.task.komar.service.impl.CalculationServiceImpl - Surface area of cone Cone{center=Point{1.0, 1.0, 1.0}, radius=1.0, coneId=4}: 7.584475591748159
17:50:24.998 [main] INFO  by.task.komar.service.impl.CalculationServiceImpl - Volume of cone Cone{center=Point{1.0, 1.0, 1.0}, radius=1.0, coneId=4}: 1.0471975511965976
17:50:24.998 [main] INFO  by.task.komar.repository.impl.ConeRepository - New cone in repository: Cone{center=Point{1.0, 1.0, 1.0}, radius=1.0, coneId=4}
17:50:24.999 [main] INFO  by.task.komar.creator.ConeCreator - add cone Cone{center=Point{1.0, 1.0, 1.0}, radius=1.0, coneId=4} to repository
17:50:24.999 [main] ERROR by.task.komar.factory.ShapeFactory - Create cone Cone{center=Point{0.0, 0.0, 0.0}, radius=5.7, coneId=5}
17:50:24.999 [main] INFO  by.task.komar.service.impl.CalculationServiceImpl - Surface area of cone Cone{center=Point{0.0, 0.0, 0.0}, radius=5.7, coneId=5}: 204.15639738504194
17:50:24.999 [main] INFO  by.task.komar.service.impl.CalculationServiceImpl - Volume of cone Cone{center=Point{0.0, 0.0, 0.0}, radius=5.7, coneId=5}: 3.402344843837746
17:50:24.999 [main] INFO  by.task.komar.repository.impl.ConeRepository - New cone in repository: Cone{center=Point{0.0, 0.0, 0.0}, radius=5.7, coneId=5}
17:50:25.000 [main] INFO  by.task.komar.creator.ConeCreator - add cone Cone{center=Point{0.0, 0.0, 0.0}, radius=5.7, coneId=5} to repository
17:50:25.003 [main] INFO  by.task.komar.service.impl.CalculationServiceImpl - Surface area of cone Cone{center=Point{1.0, 1.1, 1.2}, radius=1.3, coneId=2}: 10.997743481999969
17:50:25.003 [main] INFO  by.task.komar.observer.impl.ConeObserver - update surface area
17:50:25.003 [main] INFO  by.task.komar.service.impl.CalculationServiceImpl - Volume of cone Cone{center=Point{1.0, 1.1, 1.2}, radius=1.3, coneId=2}: 0.8848819307611251
17:50:25.003 [main] INFO  by.task.komar.observer.impl.ConeObserver - update volume
17:52:20.619 [main] INFO  by.task.komar.repository.impl.ConeRepository - Sorted with comparator by.task.komar.comparator.RadiusComparator@c94fd30: [Cone{center=Point{-1.0, -1.0, -1.0}, radius=1.0, coneId=3}, Cone{center=Point{1.0, 1.0, 1.0}, radius=1.0, coneId=4}, Cone{center=Point{1.0, 1.1, 1.2}, radius=1.3, coneId=2}, Cone{center=Point{1.0, 2.0, 3.0}, radius=4.0, coneId=1}, Cone{center=Point{0.0, 0.0, 0.0}, radius=5.7, coneId=5}]
17:52:39.120 [main] INFO  by.task.komar.reader.ConeReader - This lines [1 2 3 4 5, 1.0 1.1 1.2 1.3 1.4, -1 -1 -1 1 1] are correct
17:52:39.131 [main] ERROR by.task.komar.factory.ShapeFactory - Create cone Cone{center=Point{1.0, 2.0, 3.0}, radius=4.0, coneId=1}
17:52:39.140 [main] INFO  by.task.komar.service.impl.CalculationServiceImpl - Surface area of cone Cone{center=Point{1.0, 2.0, 3.0}, radius=4.0, coneId=1}: 130.72951471480383
17:52:39.141 [main] INFO  by.task.komar.service.impl.CalculationServiceImpl - Volume of cone Cone{center=Point{1.0, 2.0, 3.0}, radius=4.0, coneId=1}: 83.77580409572782
17:52:39.145 [main] INFO  by.task.komar.repository.impl.ConeRepository - New cone in repository: Cone{center=Point{1.0, 2.0, 3.0}, radius=4.0, coneId=1}
17:52:39.145 [main] INFO  by.task.komar.creator.ConeCreator - add cone Cone{center=Point{1.0, 2.0, 3.0}, radius=4.0, coneId=1} to repository
17:52:39.146 [main] ERROR by.task.komar.factory.ShapeFactory - Create cone Cone{center=Point{1.0, 1.1, 1.2}, radius=1.3, coneId=2}
17:52:39.146 [main] INFO  by.task.komar.service.impl.CalculationServiceImpl - Surface area of cone Cone{center=Point{1.0, 1.1, 1.2}, radius=1.3, coneId=2}: 13.111897222949334
17:52:39.146 [main] INFO  by.task.komar.service.impl.CalculationServiceImpl - Volume of cone Cone{center=Point{1.0, 1.1, 1.2}, radius=1.3, coneId=2}: 2.47766940613115
17:52:39.147 [main] INFO  by.task.komar.repository.impl.ConeRepository - New cone in repository: Cone{center=Point{1.0, 1.1, 1.2}, radius=1.3, coneId=2}
17:52:39.147 [main] INFO  by.task.komar.creator.ConeCreator - add cone Cone{center=Point{1.0, 1.1, 1.2}, radius=1.3, coneId=2} to repository
17:52:39.147 [main] ERROR by.task.komar.factory.ShapeFactory - Create cone Cone{center=Point{-1.0, -1.0, -1.0}, radius=1.0, coneId=3}
17:52:39.148 [main] INFO  by.task.komar.service.impl.CalculationServiceImpl - Surface area of cone Cone{center=Point{-1.0, -1.0, -1.0}, radius=1.0, coneId=3}: 7.584475591748159
17:52:39.148 [main] INFO  by.task.komar.service.impl.CalculationServiceImpl - Volume of cone Cone{center=Point{-1.0, -1.0, -1.0}, radius=1.0, coneId=3}: 1.0471975511965976
17:52:39.148 [main] INFO  by.task.komar.repository.impl.ConeRepository - New cone in repository: Cone{center=Point{-1.0, -1.0, -1.0}, radius=1.0, coneId=3}
17:52:39.148 [main] INFO  by.task.komar.creator.ConeCreator - add cone Cone{center=Point{-1.0, -1.0, -1.0}, radius=1.0, coneId=3} to repository
17:52:39.148 [main] ERROR by.task.komar.factory.ShapeFactory - Create cone Cone{center=Point{1.0, 1.0, 1.0}, radius=1.0, coneId=4}
17:52:39.149 [main] INFO  by.task.komar.service.impl.CalculationServiceImpl - Surface area of cone Cone{center=Point{1.0, 1.0, 1.0}, radius=1.0, coneId=4}: 7.584475591748159
17:52:39.149 [main] INFO  by.task.komar.service.impl.CalculationServiceImpl - Volume of cone Cone{center=Point{1.0, 1.0, 1.0}, radius=1.0, coneId=4}: 1.0471975511965976
17:52:39.149 [main] INFO  by.task.komar.repository.impl.ConeRepository - New cone in repository: Cone{center=Point{1.0, 1.0, 1.0}, radius=1.0, coneId=4}
17:52:39.149 [main] INFO  by.task.komar.creator.ConeCreator - add cone Cone{center=Point{1.0, 1.0, 1.0}, radius=1.0, coneId=4} to repository
17:52:39.149 [main] ERROR by.task.komar.factory.ShapeFactory - Create cone Cone{center=Point{0.0, 0.0, 0.0}, radius=5.7, coneId=5}
17:52:39.150 [main] INFO  by.task.komar.service.impl.CalculationServiceImpl - Surface area of cone Cone{center=Point{0.0, 0.0, 0.0}, radius=5.7, coneId=5}: 204.15639738504194
17:52:39.150 [main] INFO  by.task.komar.service.impl.CalculationServiceImpl - Volume of cone Cone{center=Point{0.0, 0.0, 0.0}, radius=5.7, coneId=5}: 3.402344843837746
17:52:39.150 [main] INFO  by.task.komar.repository.impl.ConeRepository - New cone in repository: Cone{center=Point{0.0, 0.0, 0.0}, radius=5.7, coneId=5}
17:52:39.150 [main] INFO  by.task.komar.creator.ConeCreator - add cone Cone{center=Point{0.0, 0.0, 0.0}, radius=5.7, coneId=5} to repository
17:52:39.153 [main] INFO  by.task.komar.service.impl.CalculationServiceImpl - Surface area of cone Cone{center=Point{1.0, 1.1, 1.2}, radius=1.3, coneId=2}: 10.997743481999969
17:52:39.153 [main] INFO  by.task.komar.observer.impl.ConeObserver - update surface area
17:52:39.153 [main] INFO  by.task.komar.service.impl.CalculationServiceImpl - Volume of cone Cone{center=Point{1.0, 1.1, 1.2}, radius=1.3, coneId=2}: 0.8848819307611251
17:52:39.153 [main] INFO  by.task.komar.observer.impl.ConeObserver - update volume
17:52:39.156 [main] INFO  by.task.komar.repository.impl.ConeRepository - Sorted with comparator by.task.komar.comparator.RadiusComparator@4803b726: [Cone{center=Point{-1.0, -1.0, -1.0}, radius=1.0, coneId=3}, Cone{center=Point{1.0, 1.0, 1.0}, radius=1.0, coneId=4}, Cone{center=Point{1.0, 1.1, 1.2}, radius=1.3, coneId=2}, Cone{center=Point{1.0, 2.0, 3.0}, radius=4.0, coneId=1}, Cone{center=Point{0.0, 0.0, 0.0}, radius=5.7, coneId=5}]
17:52:59.518 [main] INFO  by.task.komar.reader.ConeReader - This lines [1 2 3 4 5, 1.0 1.1 1.2 1.3 1.4, -1 -1 -1 1 1] are correct
17:52:59.527 [main] ERROR by.task.komar.factory.ShapeFactory - Create cone Cone{center=Point{1.0, 2.0, 3.0}, radius=4.0, coneId=1}
17:52:59.536 [main] INFO  by.task.komar.service.impl.CalculationServiceImpl - Surface area of cone Cone{center=Point{1.0, 2.0, 3.0}, radius=4.0, coneId=1}: 130.72951471480383
17:52:59.537 [main] INFO  by.task.komar.service.impl.CalculationServiceImpl - Volume of cone Cone{center=Point{1.0, 2.0, 3.0}, radius=4.0, coneId=1}: 83.77580409572782
17:52:59.541 [main] INFO  by.task.komar.repository.impl.ConeRepository - New cone in repository: Cone{center=Point{1.0, 2.0, 3.0}, radius=4.0, coneId=1}
17:52:59.542 [main] INFO  by.task.komar.creator.ConeCreator - add cone Cone{center=Point{1.0, 2.0, 3.0}, radius=4.0, coneId=1} to repository
17:52:59.543 [main] ERROR by.task.komar.factory.ShapeFactory - Create cone Cone{center=Point{1.0, 1.1, 1.2}, radius=1.3, coneId=2}
17:52:59.543 [main] INFO  by.task.komar.service.impl.CalculationServiceImpl - Surface area of cone Cone{center=Point{1.0, 1.1, 1.2}, radius=1.3, coneId=2}: 13.111897222949334
17:52:59.543 [main] INFO  by.task.komar.service.impl.CalculationServiceImpl - Volume of cone Cone{center=Point{1.0, 1.1, 1.2}, radius=1.3, coneId=2}: 2.47766940613115
17:52:59.543 [main] INFO  by.task.komar.repository.impl.ConeRepository - New cone in repository: Cone{center=Point{1.0, 1.1, 1.2}, radius=1.3, coneId=2}
17:52:59.544 [main] INFO  by.task.komar.creator.ConeCreator - add cone Cone{center=Point{1.0, 1.1, 1.2}, radius=1.3, coneId=2} to repository
17:52:59.544 [main] ERROR by.task.komar.factory.ShapeFactory - Create cone Cone{center=Point{-1.0, -1.0, -1.0}, radius=1.0, coneId=3}
17:52:59.544 [main] INFO  by.task.komar.service.impl.CalculationServiceImpl - Surface area of cone Cone{center=Point{-1.0, -1.0, -1.0}, radius=1.0, coneId=3}: 7.584475591748159
17:52:59.545 [main] INFO  by.task.komar.service.impl.CalculationServiceImpl - Volume of cone Cone{center=Point{-1.0, -1.0, -1.0}, radius=1.0, coneId=3}: 1.0471975511965976
17:52:59.545 [main] INFO  by.task.komar.repository.impl.ConeRepository - New cone in repository: Cone{center=Point{-1.0, -1.0, -1.0}, radius=1.0, coneId=3}
17:52:59.545 [main] INFO  by.task.komar.creator.ConeCreator - add cone Cone{center=Point{-1.0, -1.0, -1.0}, radius=1.0, coneId=3} to repository
17:52:59.545 [main] ERROR by.task.komar.factory.ShapeFactory - Create cone Cone{center=Point{1.0, 1.0, 1.0}, radius=1.0, coneId=4}
17:52:59.545 [main] INFO  by.task.komar.service.impl.CalculationServiceImpl - Surface area of cone Cone{center=Point{1.0, 1.0, 1.0}, radius=1.0, coneId=4}: 7.584475591748159
17:52:59.546 [main] INFO  by.task.komar.service.impl.CalculationServiceImpl - Volume of cone Cone{center=Point{1.0, 1.0, 1.0}, radius=1.0, coneId=4}: 1.0471975511965976
17:52:59.546 [main] INFO  by.task.komar.repository.impl.ConeRepository - New cone in repository: Cone{center=Point{1.0, 1.0, 1.0}, radius=1.0, coneId=4}
17:52:59.546 [main] INFO  by.task.komar.creator.ConeCreator - add cone Cone{center=Point{1.0, 1.0, 1.0}, radius=1.0, coneId=4} to repository
17:52:59.546 [main] ERROR by.task.komar.factory.ShapeFactory - Create cone Cone{center=Point{0.0, 0.0, 0.0}, radius=5.7, coneId=5}
17:52:59.547 [main] INFO  by.task.komar.service.impl.CalculationServiceImpl - Surface area of cone Cone{center=Point{0.0, 0.0, 0.0}, radius=5.7, coneId=5}: 204.15639738504194
17:52:59.547 [main] INFO  by.task.komar.service.impl.CalculationServiceImpl - Volume of cone Cone{center=Point{0.0, 0.0, 0.0}, radius=5.7, coneId=5}: 3.402344843837746
17:52:59.547 [main] INFO  by.task.komar.repository.impl.ConeRepository - New cone in repository: Cone{center=Point{0.0, 0.0, 0.0}, radius=5.7, coneId=5}
17:52:59.548 [main] INFO  by.task.komar.creator.ConeCreator - add cone Cone{center=Point{0.0, 0.0, 0.0}, radius=5.7, coneId=5} to repository
17:52:59.550 [main] INFO  by.task.komar.service.impl.CalculationServiceImpl - Surface area of cone Cone{center=Point{1.0, 1.1, 1.2}, radius=1.3, coneId=2}: 10.997743481999969
17:52:59.551 [main] INFO  by.task.komar.observer.impl.ConeObserver - update surface area
17:52:59.551 [main] INFO  by.task.komar.service.impl.CalculationServiceImpl - Volume of cone Cone{center=Point{1.0, 1.1, 1.2}, radius=1.3, coneId=2}: 0.8848819307611251
17:52:59.551 [main] INFO  by.task.komar.observer.impl.ConeObserver - update volume
17:52:59.553 [main] INFO  by.task.komar.repository.impl.ConeRepository - Sorted with comparator by.task.komar.comparator.FirstCoordinateComparator@4803b726: [Cone{center=Point{-1.0, -1.0, -1.0}, radius=1.0, coneId=3}, Cone{center=Point{0.0, 0.0, 0.0}, radius=5.7, coneId=5}, Cone{center=Point{1.0, 2.0, 3.0}, radius=4.0, coneId=1}, Cone{center=Point{1.0, 1.1, 1.2}, radius=1.3, coneId=2}, Cone{center=Point{1.0, 1.0, 1.0}, radius=1.0, coneId=4}]
17:53:33.281 [main] INFO  by.task.komar.reader.ConeReader - This lines [1 2 3 4 5, 1.0 1.1 1.2 1.3 1.4, -1 -1 -1 1 1] are correct
17:53:33.290 [main] ERROR by.task.komar.factory.ShapeFactory - Create cone Cone{center=Point{1.0, 2.0, 3.0}, radius=4.0, coneId=1}
17:53:33.297 [main] INFO  by.task.komar.service.impl.CalculationServiceImpl - Surface area of cone Cone{center=Point{1.0, 2.0, 3.0}, radius=4.0, coneId=1}: 130.72951471480383
17:53:33.298 [main] INFO  by.task.komar.service.impl.CalculationServiceImpl - Volume of cone Cone{center=Point{1.0, 2.0, 3.0}, radius=4.0, coneId=1}: 83.77580409572782
17:53:33.301 [main] INFO  by.task.komar.repository.impl.ConeRepository - New cone in repository: Cone{center=Point{1.0, 2.0, 3.0}, radius=4.0, coneId=1}
17:53:33.301 [main] INFO  by.task.komar.creator.ConeCreator - add cone Cone{center=Point{1.0, 2.0, 3.0}, radius=4.0, coneId=1} to repository
17:53:33.302 [main] ERROR by.task.komar.factory.ShapeFactory - Create cone Cone{center=Point{1.0, 1.1, 1.2}, radius=1.3, coneId=2}
17:53:33.302 [main] INFO  by.task.komar.service.impl.CalculationServiceImpl - Surface area of cone Cone{center=Point{1.0, 1.1, 1.2}, radius=1.3, coneId=2}: 13.111897222949334
17:53:33.303 [main] INFO  by.task.komar.service.impl.CalculationServiceImpl - Volume of cone Cone{center=Point{1.0, 1.1, 1.2}, radius=1.3, coneId=2}: 2.47766940613115
17:53:33.303 [main] INFO  by.task.komar.repository.impl.ConeRepository - New cone in repository: Cone{center=Point{1.0, 1.1, 1.2}, radius=1.3, coneId=2}
17:53:33.303 [main] INFO  by.task.komar.creator.ConeCreator - add cone Cone{center=Point{1.0, 1.1, 1.2}, radius=1.3, coneId=2} to repository
17:53:33.304 [main] ERROR by.task.komar.factory.ShapeFactory - Create cone Cone{center=Point{-1.0, -1.0, -1.0}, radius=1.0, coneId=3}
17:53:33.304 [main] INFO  by.task.komar.service.impl.CalculationServiceImpl - Surface area of cone Cone{center=Point{-1.0, -1.0, -1.0}, radius=1.0, coneId=3}: 7.584475591748159
17:53:33.304 [main] INFO  by.task.komar.service.impl.CalculationServiceImpl - Volume of cone Cone{center=Point{-1.0, -1.0, -1.0}, radius=1.0, coneId=3}: 1.0471975511965976
