13:02:00.161 [main] INFO  by.task.komar.filler.RepositoryFiller - add cone Cone{center=Point{1.0, 1.1, 1.2}, radius=1.3, height=1.4, coneId=3} to repository
13:02:00.161 [main] ERROR by.task.komar.factory.ShapeFactory - Create cone Cone{center=Point{1.0, 1.1, 1.2}, radius=1.3, height=1.4, coneId=4}
13:02:00.161 [main] INFO  by.task.komar.service.impl.CalculationServiceImpl - Surface area of cone Cone{center=Point{1.0, 1.1, 1.2}, radius=1.3, height=1.4, coneId=4}: 13.111897222949334
13:02:00.161 [main] INFO  by.task.komar.service.impl.CalculationServiceImpl - Volume of cone Cone{center=Point{1.0, 1.1, 1.2}, radius=1.3, height=1.4, coneId=4}: 2.47766940613115
13:02:00.161 [main] INFO  by.task.komar.filler.WarehouseFiller - add cone Cone{center=Point{1.0, 1.1, 1.2}, radius=1.3, height=1.4, coneId=4} to warehouse
13:02:00.177 [main] ERROR by.task.komar.factory.ShapeFactory - Create cone Cone{center=Point{-1.0, -1.0, -1.0}, radius=1.0, height=1.0, coneId=5}
13:02:00.177 [main] INFO  by.task.komar.repository.impl.ConeRepository - New cone in repository: Cone{center=Point{-1.0, -1.0, -1.0}, radius=1.0, height=1.0, coneId=5}
13:02:00.177 [main] INFO  by.task.komar.service.impl.CalculationServiceImpl - Surface area of cone Cone{center=Point{-1.0, -1.0, -1.0}, radius=1.0, height=1.0, coneId=5}: 7.584475591748159
13:02:00.177 [main] INFO  by.task.komar.service.impl.CalculationServiceImpl - Volume of cone Cone{center=Point{-1.0, -1.0, -1.0}, radius=1.0, height=1.0, coneId=5}: 1.0471975511965976
13:02:00.177 [main] INFO  by.task.komar.filler.WarehouseFiller - add cone Cone{center=Point{-1.0, -1.0, -1.0}, radius=1.0, height=1.0, coneId=5} to warehouse
13:02:00.177 [main] INFO  by.task.komar.filler.RepositoryFiller - add cone Cone{center=Point{-1.0, -1.0, -1.0}, radius=1.0, height=1.0, coneId=5} to repository
13:02:00.177 [main] ERROR by.task.komar.factory.ShapeFactory - Create cone Cone{center=Point{-1.0, -1.0, -1.0}, radius=1.0, height=1.0, coneId=6}
13:02:00.177 [main] INFO  by.task.komar.service.impl.CalculationServiceImpl - Surface area of cone Cone{center=Point{-1.0, -1.0, -1.0}, radius=1.0, height=1.0, coneId=6}: 7.584475591748159
13:02:00.177 [main] INFO  by.task.komar.service.impl.CalculationServiceImpl - Volume of cone Cone{center=Point{-1.0, -1.0, -1.0}, radius=1.0, height=1.0, coneId=6}: 1.0471975511965976
13:02:00.177 [main] INFO  by.task.komar.filler.WarehouseFiller - add cone Cone{center=Point{-1.0, -1.0, -1.0}, radius=1.0, height=1.0, coneId=6} to warehouse
13:02:00.177 [main] ERROR by.task.komar.factory.ShapeFactory - Create cone Cone{center=Point{1.0, 1.0, 1.0}, radius=1.0, height=1.0, coneId=7}
13:02:00.177 [main] INFO  by.task.komar.repository.impl.ConeRepository - New cone in repository: Cone{center=Point{1.0, 1.0, 1.0}, radius=1.0, height=1.0, coneId=7}
13:02:00.177 [main] INFO  by.task.komar.service.impl.CalculationServiceImpl - Surface area of cone Cone{center=Point{1.0, 1.0, 1.0}, radius=1.0, height=1.0, coneId=7}: 7.584475591748159
13:02:00.177 [main] INFO  by.task.komar.service.impl.CalculationServiceImpl - Volume of cone Cone{center=Point{1.0, 1.0, 1.0}, radius=1.0, height=1.0, coneId=7}: 1.0471975511965976
13:02:00.177 [main] INFO  by.task.komar.filler.WarehouseFiller - add cone Cone{center=Point{1.0, 1.0, 1.0}, radius=1.0, height=1.0, coneId=7} to warehouse
13:02:00.177 [main] INFO  by.task.komar.filler.RepositoryFiller - add cone Cone{center=Point{1.0, 1.0, 1.0}, radius=1.0, height=1.0, coneId=7} to repository
13:02:00.177 [main] ERROR by.task.komar.factory.ShapeFactory - Create cone Cone{center=Point{1.0, 1.0, 1.0}, radius=1.0, height=1.0, coneId=8}
13:02:00.177 [main] INFO  by.task.komar.service.impl.CalculationServiceImpl - Surface area of cone Cone{center=Point{1.0, 1.0, 1.0}, radius=1.0, height=1.0, coneId=8}: 7.584475591748159
13:02:00.177 [main] INFO  by.task.komar.service.impl.CalculationServiceImpl - Volume of cone Cone{center=Point{1.0, 1.0, 1.0}, radius=1.0, height=1.0, coneId=8}: 1.0471975511965976
13:02:00.177 [main] INFO  by.task.komar.filler.WarehouseFiller - add cone Cone{center=Point{1.0, 1.0, 1.0}, radius=1.0, height=1.0, coneId=8} to warehouse
13:02:00.177 [main] ERROR by.task.komar.factory.ShapeFactory - Create cone Cone{center=Point{0.0, 0.0, 0.0}, radius=5.7, height=0.1, coneId=9}
13:02:00.177 [main] INFO  by.task.komar.repository.impl.ConeRepository - New cone in repository: Cone{center=Point{0.0, 0.0, 0.0}, radius=5.7, height=0.1, coneId=9}
13:02:00.177 [main] INFO  by.task.komar.service.impl.CalculationServiceImpl - Surface area of cone Cone{center=Point{0.0, 0.0, 0.0}, radius=5.7, height=0.1, coneId=9}: 204.15639738504194
13:02:00.177 [main] INFO  by.task.komar.service.impl.CalculationServiceImpl - Volume of cone Cone{center=Point{0.0, 0.0, 0.0}, radius=5.7, height=0.1, coneId=9}: 3.402344843837746
13:02:00.177 [main] INFO  by.task.komar.filler.WarehouseFiller - add cone Cone{center=Point{0.0, 0.0, 0.0}, radius=5.7, height=0.1, coneId=9} to warehouse
13:02:00.177 [main] INFO  by.task.komar.filler.RepositoryFiller - add cone Cone{center=Point{0.0, 0.0, 0.0}, radius=5.7, height=0.1, coneId=9} to repository
13:02:00.177 [main] ERROR by.task.komar.factory.ShapeFactory - Create cone Cone{center=Point{0.0, 0.0, 0.0}, radius=5.7, height=0.1, coneId=10}
13:02:00.177 [main] INFO  by.task.komar.service.impl.CalculationServiceImpl - Surface area of cone Cone{center=Point{0.0, 0.0, 0.0}, radius=5.7, height=0.1, coneId=10}: 204.15639738504194
13:02:00.177 [main] INFO  by.task.komar.service.impl.CalculationServiceImpl - Volume of cone Cone{center=Point{0.0, 0.0, 0.0}, radius=5.7, height=0.1, coneId=10}: 3.402344843837746
13:02:00.177 [main] INFO  by.task.komar.filler.WarehouseFiller - add cone Cone{center=Point{0.0, 0.0, 0.0}, radius=5.7, height=0.1, coneId=10} to warehouse
13:02:00.177 [main] INFO  by.task.komar.service.impl.CalculationServiceImpl - Surface area of cone Cone{center=Point{1.0, 1.1, 1.2}, radius=1.3, height=0.5, coneId=3}: 10.997743481999969
13:02:00.177 [main] INFO  by.task.komar.observer.impl.ConeObserverImpl - update surface area in cone Cone{center=Point{1.0, 1.1, 1.2}, radius=1.3, height=0.5, coneId=3}
13:02:00.177 [main] INFO  by.task.komar.service.impl.CalculationServiceImpl - Volume of cone Cone{center=Point{1.0, 1.1, 1.2}, radius=1.3, height=0.5, coneId=3}: 0.8848819307611251
13:02:00.177 [main] INFO  by.task.komar.observer.impl.ConeObserverImpl - update volume in cone Cone{center=Point{1.0, 1.1, 1.2}, radius=1.3, height=0.5, coneId=3}
13:02:00.177 [main] INFO  by.task.komar.repository.impl.ConeRepository - Sorted with comparator by.task.komar.comparator.ConeRadiusComparator@27462a88: [Cone{center=Point{-1.0, -1.0, -1.0}, radius=1.0, height=1.0, coneId=5}, Cone{center=Point{1.0, 1.0, 1.0}, radius=1.0, height=1.0, coneId=7}, Cone{center=Point{1.0, 1.1, 1.2}, radius=1.3, height=0.5, coneId=3}, Cone{center=Point{1.0, 2.0, 3.0}, radius=4.0, height=5.0, coneId=1}, Cone{center=Point{0.0, 0.0, 0.0}, radius=5.7, height=0.1, coneId=9}]
13:02:00.177 [main] INFO  by.task.komar.repository.impl.ConeRepository - Query by specification by.task.komar.repository.impl.HeightSpecification@47e2e487: [Cone{center=Point{1.0, 2.0, 3.0}, radius=4.0, height=5.0, coneId=1}, Cone{center=Point{-1.0, -1.0, -1.0}, radius=1.0, height=1.0, coneId=5}, Cone{center=Point{1.0, 1.0, 1.0}, radius=1.0, height=1.0, coneId=7}]
13:02:18.647 [main] ERROR by.task.komar.parser.ConeParser - This line isn't correct
13:02:24.264 [main] INFO  by.task.komar.reader.ConeReader - This lines [1 2 3 4 5, 1.0 1.1 1.2 1.3 1.4, -1 -1 -1 1 1] are correct
13:02:24.280 [main] ERROR by.task.komar.reader.ConeReader - Incorrect filename path.txt
13:02:33.652 [main] ERROR by.task.komar.factory.ShapeFactory - Create cone Cone{center=Point{1.0, 2.0, 3.0}, radius=4.0, height=3.0, coneId=1}
13:02:33.668 [main] INFO  by.task.komar.service.impl.CalculationServiceImpl - Surface area of cone Cone{center=Point{1.0, 2.0, 3.0}, radius=4.0, height=3.0, coneId=1}: 113.09733552923255
13:02:33.668 [main] ERROR by.task.komar.factory.ShapeFactory - Create cone Cone{center=Point{1.0, -1.0, 3.0}, radius=4.0, height=3.0, coneId=2}
13:02:33.668 [main] INFO  by.task.komar.service.impl.CalculationServiceImpl - Volume of cone Cone{center=Point{1.0, -1.0, 3.0}, radius=4.0, height=3.0, coneId=2}: 50.26548245743669
13:02:33.668 [main] ERROR by.task.komar.factory.ShapeFactory - Create cone Cone{center=Point{0.0, 0.0, 0.0}, radius=4.0, height=3.0, coneId=3}
13:02:33.668 [main] INFO  by.task.komar.service.impl.CalculationServiceImpl - Volume of cone Cone{center=Point{0.0, 0.0, 0.0}, radius=2.6666666666666665, height=2.0, coneId=4}: 14.893476283684942
13:02:33.668 [main] INFO  by.task.komar.service.impl.CalculationServiceImpl - Volume of cone Cone{center=Point{0.0, 0.0, 0.0}, radius=4.0, height=3.0, coneId=3}: 50.26548245743669
13:02:33.683 [main] INFO  by.task.komar.service.impl.CalculationServiceImpl - Volume ratio of cone Cone{center=Point{0.0, 0.0, 0.0}, radius=4.0, height=3.0, coneId=3} and point Point{1.0, 1.0, 1.0}: 0.42105263157894723
13:02:33.683 [main] ERROR by.task.komar.factory.ShapeFactory - Create cone Cone{center=Point{0.0, 0.0, 0.0}, radius=4.0, height=3.0, coneId=5}
13:02:33.683 [main] ERROR by.task.komar.factory.ShapeFactory - Create cone Cone{center=Point{2.0, -2.0, 0.0}, radius=4.0, height=3.0, coneId=6}
