12:49:03.207 [main] INFO  by.task.komar.reader.ConeReader - This lines [1 2 3 4 5, 1.0 1.1 1.2 1.3 1.4, -1 -1 -1 1 1] are correct
12:49:03.223 [main] ERROR by.task.komar.factory.ShapeFactory - Create cone Cone{center=Point{1.0, 2.0, 3.0}, radius=4.0, height=5.0, coneId=1}
12:49:03.231 [main] INFO  by.task.komar.repository.impl.ConeRepository - New cone in repository: Cone{center=Point{1.0, 2.0, 3.0}, radius=4.0, height=5.0, coneId=1}
12:49:03.231 [main] INFO  by.task.komar.filler.RepositoryFiller - add cone Cone{center=Point{1.0, 2.0, 3.0}, radius=4.0, height=5.0, coneId=1} to repository
12:49:03.231 [main] ERROR by.task.komar.factory.ShapeFactory - Create cone Cone{center=Point{1.0, 2.0, 3.0}, radius=4.0, height=5.0, coneId=2}
12:49:03.239 [main] INFO  by.task.komar.service.impl.CalculationServiceImpl - Surface area of cone Cone{center=Point{1.0, 2.0, 3.0}, radius=4.0, height=5.0, coneId=2}: 130.72951471480383
12:49:03.239 [main] INFO  by.task.komar.service.impl.CalculationServiceImpl - Volume of cone Cone{center=Point{1.0, 2.0, 3.0}, radius=4.0, height=5.0, coneId=2}: 83.77580409572782
12:49:03.239 [main] INFO  by.task.komar.filler.WarehouseFiller - add cone Cone{center=Point{1.0, 2.0, 3.0}, radius=4.0, height=5.0, coneId=2} to warehouse
12:49:03.239 [main] ERROR by.task.komar.factory.ShapeFactory - Create cone Cone{center=Point{1.0, 1.1, 1.2}, radius=1.3, height=1.4, coneId=3}
12:49:03.239 [main] INFO  by.task.komar.repository.impl.ConeRepository - New cone in repository: Cone{center=Point{1.0, 1.1, 1.2}, radius=1.3, height=1.4, coneId=3}
12:49:03.239 [main] INFO  by.task.komar.filler.RepositoryFiller - add cone Cone{center=Point{1.0, 1.1, 1.2}, radius=1.3, height=1.4, coneId=3} to repository
12:49:03.239 [main] ERROR by.task.komar.factory.ShapeFactory - Create cone Cone{center=Point{1.0, 1.1, 1.2}, radius=1.3, height=1.4, coneId=4}
12:49:03.239 [main] INFO  by.task.komar.service.impl.CalculationServiceImpl - Surface area of cone Cone{center=Point{1.0, 1.1, 1.2}, radius=1.3, height=1.4, coneId=4}: 13.111897222949334
12:49:03.239 [main] INFO  by.task.komar.service.impl.CalculationServiceImpl - Volume of cone Cone{center=Point{1.0, 1.1, 1.2}, radius=1.3, height=1.4, coneId=4}: 2.47766940613115
12:49:03.239 [main] INFO  by.task.komar.filler.WarehouseFiller - add cone Cone{center=Point{1.0, 1.1, 1.2}, radius=1.3, height=1.4, coneId=4} to warehouse
12:49:03.239 [main] ERROR by.task.komar.factory.ShapeFactory - Create cone Cone{center=Point{-1.0, -1.0, -1.0}, radius=1.0, height=1.0, coneId=5}
12:49:03.239 [main] INFO  by.task.komar.repository.impl.ConeRepository - New cone in repository: Cone{center=Point{-1.0, -1.0, -1.0}, radius=1.0, height=1.0, coneId=5}
12:49:03.239 [main] INFO  by.task.komar.filler.RepositoryFiller - add cone Cone{center=Point{-1.0, -1.0, -1.0}, radius=1.0, height=1.0, coneId=5} to repository
12:49:03.247 [main] ERROR by.task.komar.factory.ShapeFactory - Create cone Cone{center=Point{-1.0, -1.0, -1.0}, radius=1.0, height=1.0, coneId=6}
12:49:03.247 [main] INFO  by.task.komar.service.impl.CalculationServiceImpl - Surface area of cone Cone{center=Point{-1.0, -1.0, -1.0}, radius=1.0, height=1.0, coneId=6}: 7.584475591748159
12:49:03.247 [main] INFO  by.task.komar.service.impl.CalculationServiceImpl - Volume of cone Cone{center=Point{-1.0, -1.0, -1.0}, radius=1.0, height=1.0, coneId=6}: 1.0471975511965976
12:49:03.247 [main] INFO  by.task.komar.filler.WarehouseFiller - add cone Cone{center=Point{-1.0, -1.0, -1.0}, radius=1.0, height=1.0, coneId=6} to warehouse
12:49:03.247 [main] ERROR by.task.komar.factory.ShapeFactory - Create cone Cone{center=Point{1.0, 1.0, 1.0}, radius=1.0, height=1.0, coneId=7}
12:49:03.247 [main] INFO  by.task.komar.repository.impl.ConeRepository - New cone in repository: Cone{center=Point{1.0, 1.0, 1.0}, radius=1.0, height=1.0, coneId=7}
12:49:03.247 [main] INFO  by.task.komar.filler.RepositoryFiller - add cone Cone{center=Point{1.0, 1.0, 1.0}, radius=1.0, height=1.0, coneId=7} to repository
12:49:03.247 [main] ERROR by.task.komar.factory.ShapeFactory - Create cone Cone{center=Point{1.0, 1.0, 1.0}, radius=1.0, height=1.0, coneId=8}
12:49:03.247 [main] INFO  by.task.komar.service.impl.CalculationServiceImpl - Surface area of cone Cone{center=Point{1.0, 1.0, 1.0}, radius=1.0, height=1.0, coneId=8}: 7.584475591748159
12:49:03.247 [main] INFO  by.task.komar.service.impl.CalculationServiceImpl - Volume of cone Cone{center=Point{1.0, 1.0, 1.0}, radius=1.0, height=1.0, coneId=8}: 1.0471975511965976
12:49:03.247 [main] INFO  by.task.komar.filler.WarehouseFiller - add cone Cone{center=Point{1.0, 1.0, 1.0}, radius=1.0, height=1.0, coneId=8} to warehouse
12:49:03.247 [main] ERROR by.task.komar.factory.ShapeFactory - Create cone Cone{center=Point{0.0, 0.0, 0.0}, radius=5.7, height=0.1, coneId=9}
12:49:03.247 [main] INFO  by.task.komar.repository.impl.ConeRepository - New cone in repository: Cone{center=Point{0.0, 0.0, 0.0}, radius=5.7, height=0.1, coneId=9}
12:49:03.247 [main] INFO  by.task.komar.filler.RepositoryFiller - add cone Cone{center=Point{0.0, 0.0, 0.0}, radius=5.7, height=0.1, coneId=9} to repository
12:49:03.247 [main] ERROR by.task.komar.factory.ShapeFactory - Create cone Cone{center=Point{0.0, 0.0, 0.0}, radius=5.7, height=0.1, coneId=10}
12:49:03.247 [main] INFO  by.task.komar.service.impl.CalculationServiceImpl - Surface area of cone Cone{center=Point{0.0, 0.0, 0.0}, radius=5.7, height=0.1, coneId=10}: 204.15639738504194
12:49:03.247 [main] INFO  by.task.komar.service.impl.CalculationServiceImpl - Volume of cone Cone{center=Point{0.0, 0.0, 0.0}, radius=5.7, height=0.1, coneId=10}: 3.402344843837746
12:49:03.247 [main] INFO  by.task.komar.filler.WarehouseFiller - add cone Cone{center=Point{0.0, 0.0, 0.0}, radius=5.7, height=0.1, coneId=10} to warehouse
12:49:03.247 [main] ERROR by.task.komar.entity.Warehouse - There are no such element by id 3
12:50:14.596 [main] INFO  by.task.komar.reader.ConeReader - This lines [1 2 3 4 5, 1.0 1.1 1.2 1.3 1.4, -1 -1 -1 1 1] are correct
12:50:28.445 [main] ERROR by.task.komar.factory.ShapeFactory - Create cone Cone{center=Point{1.0, 2.0, 3.0}, radius=4.0, height=5.0, coneId=1}
12:50:28.453 [main] INFO  by.task.komar.repository.impl.ConeRepository - New cone in repository: Cone{center=Point{1.0, 2.0, 3.0}, radius=4.0, height=5.0, coneId=1}
12:50:28.453 [main] INFO  by.task.komar.filler.RepositoryFiller - add cone Cone{center=Point{1.0, 2.0, 3.0}, radius=4.0, height=5.0, coneId=1} to repository
12:50:29.423 [main] ERROR by.task.komar.factory.ShapeFactory - Create cone Cone{center=Point{1.0, 2.0, 3.0}, radius=4.0, height=5.0, coneId=2}
12:50:29.503 [main] INFO  by.task.komar.service.impl.CalculationServiceImpl - Surface area of cone Cone{center=Point{1.0, 2.0, 3.0}, radius=4.0, height=5.0, coneId=2}: 130.72951471480383
12:50:29.503 [main] INFO  by.task.komar.service.impl.CalculationServiceImpl - Volume of cone Cone{center=Point{1.0, 2.0, 3.0}, radius=4.0, height=5.0, coneId=2}: 83.77580409572782
12:50:29.511 [main] INFO  by.task.komar.filler.WarehouseFiller - add cone Cone{center=Point{1.0, 2.0, 3.0}, radius=4.0, height=5.0, coneId=2} to warehouse
12:50:56.897 [main] ERROR by.task.komar.factory.ShapeFactory - Create cone Cone{center=Point{1.0, 1.1, 1.2}, radius=1.3, height=1.4, coneId=3}
12:50:56.897 [main] INFO  by.task.komar.repository.impl.ConeRepository - New cone in repository: Cone{center=Point{1.0, 1.1, 1.2}, radius=1.3, height=1.4, coneId=3}
12:50:56.904 [main] INFO  by.task.komar.filler.RepositoryFiller - add cone Cone{center=Point{1.0, 1.1, 1.2}, radius=1.3, height=1.4, coneId=3} to repository
12:50:56.904 [main] ERROR by.task.komar.factory.ShapeFactory - Create cone Cone{center=Point{1.0, 1.1, 1.2}, radius=1.3, height=1.4, coneId=4}
12:50:56.904 [main] INFO  by.task.komar.service.impl.CalculationServiceImpl - Surface area of cone Cone{center=Point{1.0, 1.1, 1.2}, radius=1.3, height=1.4, coneId=4}: 13.111897222949334
12:50:56.904 [main] INFO  by.task.komar.service.impl.CalculationServiceImpl - Volume of cone Cone{center=Point{1.0, 1.1, 1.2}, radius=1.3, height=1.4, coneId=4}: 2.47766940613115
12:50:56.904 [main] INFO  by.task.komar.filler.WarehouseFiller - add cone Cone{center=Point{1.0, 1.1, 1.2}, radius=1.3, height=1.4, coneId=4} to warehouse
12:50:56.912 [main] ERROR by.task.komar.factory.ShapeFactory - Create cone Cone{center=Point{-1.0, -1.0, -1.0}, radius=1.0, height=1.0, coneId=5}
12:50:56.912 [main] INFO  by.task.komar.repository.impl.ConeRepository - New cone in repository: Cone{center=Point{-1.0, -1.0, -1.0}, radius=1.0, height=1.0, coneId=5}
12:50:56.912 [main] INFO  by.task.komar.filler.RepositoryFiller - add cone Cone{center=Point{-1.0, -1.0, -1.0}, radius=1.0, height=1.0, coneId=5} to repository
12:50:56.912 [main] ERROR by.task.komar.factory.ShapeFactory - Create cone Cone{center=Point{-1.0, -1.0, -1.0}, radius=1.0, height=1.0, coneId=6}
12:50:56.921 [main] INFO  by.task.komar.service.impl.CalculationServiceImpl - Surface area of cone Cone{center=Point{-1.0, -1.0, -1.0}, radius=1.0, height=1.0, coneId=6}: 7.584475591748159
12:50:56.921 [main] INFO  by.task.komar.service.impl.CalculationServiceImpl - Volume of cone Cone{center=Point{-1.0, -1.0, -1.0}, radius=1.0, height=1.0, coneId=6}: 1.0471975511965976
12:50:56.921 [main] INFO  by.task.komar.filler.WarehouseFiller - add cone Cone{center=Point{-1.0, -1.0, -1.0}, radius=1.0, height=1.0, coneId=6} to warehouse
12:50:56.921 [main] ERROR by.task.komar.factory.ShapeFactory - Create cone Cone{center=Point{1.0, 1.0, 1.0}, radius=1.0, height=1.0, coneId=7}
12:50:56.921 [main] INFO  by.task.komar.repository.impl.ConeRepository - New cone in repository: Cone{center=Point{1.0, 1.0, 1.0}, radius=1.0, height=1.0, coneId=7}
12:50:56.928 [main] INFO  by.task.komar.filler.RepositoryFiller - add cone Cone{center=Point{1.0, 1.0, 1.0}, radius=1.0, height=1.0, coneId=7} to repository
12:50:56.928 [main] ERROR by.task.komar.factory.ShapeFactory - Create cone Cone{center=Point{1.0, 1.0, 1.0}, radius=1.0, height=1.0, coneId=8}
12:50:56.928 [main] INFO  by.task.komar.service.impl.CalculationServiceImpl - Surface area of cone Cone{center=Point{1.0, 1.0, 1.0}, radius=1.0, height=1.0, coneId=8}: 7.584475591748159
12:50:56.928 [main] INFO  by.task.komar.service.impl.CalculationServiceImpl - Volume of cone Cone{center=Point{1.0, 1.0, 1.0}, radius=1.0, height=1.0, coneId=8}: 1.0471975511965976
12:51:16.400 [main] INFO  by.task.komar.reader.ConeReader - This lines [1 2 3 4 5, 1.0 1.1 1.2 1.3 1.4, -1 -1 -1 1 1] are correct
12:51:53.445 [main] ERROR by.task.komar.factory.ShapeFactory - Create cone Cone{center=Point{1.0, 2.0, 3.0}, radius=4.0, height=5.0, coneId=1}
12:52:30.454 [main] INFO  by.task.komar.repository.impl.ConeRepository - New cone in repository: Cone{center=Point{1.0, 2.0, 3.0}, radius=4.0, height=5.0, coneId=1}
12:52:33.671 [main] INFO  by.task.komar.filler.RepositoryFiller - add cone Cone{center=Point{1.0, 2.0, 3.0}, radius=4.0, height=5.0, coneId=1} to repository
12:52:38.441 [main] ERROR by.task.komar.factory.ShapeFactory - Create cone Cone{center=Point{1.0, 2.0, 3.0}, radius=4.0, height=5.0, coneId=2}
12:52:38.520 [main] INFO  by.task.komar.service.impl.CalculationServiceImpl - Surface area of cone Cone{center=Point{1.0, 2.0, 3.0}, radius=4.0, height=5.0, coneId=2}: 130.72951471480383
12:52:38.520 [main] INFO  by.task.komar.service.impl.CalculationServiceImpl - Volume of cone Cone{center=Point{1.0, 2.0, 3.0}, radius=4.0, height=5.0, coneId=2}: 83.77580409572782
12:52:38.528 [main] INFO  by.task.komar.filler.WarehouseFiller - add cone Cone{center=Point{1.0, 2.0, 3.0}, radius=4.0, height=5.0, coneId=2} to warehouse
12:52:41.888 [main] ERROR by.task.komar.factory.ShapeFactory - Create cone Cone{center=Point{1.0, 1.1, 1.2}, radius=1.3, height=1.4, coneId=3}
12:52:41.896 [main] INFO  by.task.komar.repository.impl.ConeRepository - New cone in repository: Cone{center=Point{1.0, 1.1, 1.2}, radius=1.3, height=1.4, coneId=3}
12:52:41.896 [main] INFO  by.task.komar.filler.RepositoryFiller - add cone Cone{center=Point{1.0, 1.1, 1.2}, radius=1.3, height=1.4, coneId=3} to repository
12:52:42.499 [main] ERROR by.task.komar.factory.ShapeFactory - Create cone Cone{center=Point{1.0, 1.1, 1.2}, radius=1.3, height=1.4, coneId=4}
12:52:42.499 [main] INFO  by.task.komar.service.impl.CalculationServiceImpl - Surface area of cone Cone{center=Point{1.0, 1.1, 1.2}, radius=1.3, height=1.4, coneId=4}: 13.111897222949334
12:52:42.507 [main] INFO  by.task.komar.service.impl.CalculationServiceImpl - Volume of cone Cone{center=Point{1.0, 1.1, 1.2}, radius=1.3, height=1.4, coneId=4}: 2.47766940613115
12:52:42.507 [main] INFO  by.task.komar.filler.WarehouseFiller - add cone Cone{center=Point{1.0, 1.1, 1.2}, radius=1.3, height=1.4, coneId=4} to warehouse
12:52:44.754 [main] ERROR by.task.komar.factory.ShapeFactory - Create cone Cone{center=Point{-1.0, -1.0, -1.0}, radius=1.0, height=1.0, coneId=5}
12:52:44.754 [main] INFO  by.task.komar.repository.impl.ConeRepository - New cone in repository: Cone{center=Point{-1.0, -1.0, -1.0}, radius=1.0, height=1.0, coneId=5}
12:52:44.762 [main] INFO  by.task.komar.filler.RepositoryFiller - add cone Cone{center=Point{-1.0, -1.0, -1.0}, radius=1.0, height=1.0, coneId=5} to repository
12:52:45.212 [main] ERROR by.task.komar.factory.ShapeFactory - Create cone Cone{center=Point{-1.0, -1.0, -1.0}, radius=1.0, height=1.0, coneId=6}
12:52:45.212 [main] INFO  by.task.komar.service.impl.CalculationServiceImpl - Surface area of cone Cone{center=Point{-1.0, -1.0, -1.0}, radius=1.0, height=1.0, coneId=6}: 7.584475591748159
12:52:45.212 [main] INFO  by.task.komar.service.impl.CalculationServiceImpl - Volume of cone Cone{center=Point{-1.0, -1.0, -1.0}, radius=1.0, height=1.0, coneId=6}: 1.0471975511965976
12:52:45.219 [main] INFO  by.task.komar.filler.WarehouseFiller - add cone Cone{center=Point{-1.0, -1.0, -1.0}, radius=1.0, height=1.0, coneId=6} to warehouse
12:52:46.767 [main] ERROR by.task.komar.factory.ShapeFactory - Create cone Cone{center=Point{1.0, 1.0, 1.0}, radius=1.0, height=1.0, coneId=7}
12:52:46.767 [main] INFO  by.task.komar.repository.impl.ConeRepository - New cone in repository: Cone{center=Point{1.0, 1.0, 1.0}, radius=1.0, height=1.0, coneId=7}
12:52:46.775 [main] INFO  by.task.komar.filler.RepositoryFiller - add cone Cone{center=Point{1.0, 1.0, 1.0}, radius=1.0, height=1.0, coneId=7} to repository
12:52:48.551 [main] ERROR by.task.komar.factory.ShapeFactory - Create cone Cone{center=Point{1.0, 1.0, 1.0}, radius=1.0, height=1.0, coneId=8}
12:52:48.551 [main] INFO  by.task.komar.service.impl.CalculationServiceImpl - Surface area of cone Cone{center=Point{1.0, 1.0, 1.0}, radius=1.0, height=1.0, coneId=8}: 7.584475591748159
12:52:48.551 [main] INFO  by.task.komar.service.impl.CalculationServiceImpl - Volume of cone Cone{center=Point{1.0, 1.0, 1.0}, radius=1.0, height=1.0, coneId=8}: 1.0471975511965976
12:52:48.559 [main] INFO  by.task.komar.filler.WarehouseFiller - add cone Cone{center=Point{1.0, 1.0, 1.0}, radius=1.0, height=1.0, coneId=8} to warehouse
12:52:50.096 [main] ERROR by.task.komar.factory.ShapeFactory - Create cone Cone{center=Point{0.0, 0.0, 0.0}, radius=5.7, height=0.1, coneId=9}
12:52:50.096 [main] INFO  by.task.komar.repository.impl.ConeRepository - New cone in repository: Cone{center=Point{0.0, 0.0, 0.0}, radius=5.7, height=0.1, coneId=9}
